# JRE version: OpenJDK Runtime Environment (17.0.10) (build 17.0.10+0--11572160)
# Java VM: OpenJDK 64-Bit Server VM (17.0.10+0--11572160, mixed mode, tiered, compressed oops, compressed class ptrs, g1 gc, windows-amd64)
GC Precious Log:
 CPUs: 8 total, 8 available
 Memory: 15808M
 Large Page Support: Disabled
 NUMA Support: Disabled
 Compressed Oops: Enabled (32-bit)
 Heap Region Size: 1M
 Heap Min Capacity: 8M
 Heap Initial Capacity: 248M
 Heap Max Capacity: 2G
 Pre-touch: Disabled
 Parallel Workers: 8
 Concurrent Workers: 2
 Concurrent Refinement Workers: 8
 Periodic GC: Disabled
Heap:
 garbage-first heap   total 227328K, used 179237K [0x0000000080000000, 0x0000000100000000)
  region size 1024K, 60 young (61440K), 1 survivors (1024K)
 Metaspace       used 101724K, committed 102464K, reserved 1179648K
  class space    used 14023K, committed 14400K, reserved 1048576K
GC Heap History (20 events):
Event: 12.131 GC heap before
{Heap before GC invocations=38 (full 0):
 garbage-first heap   total 133120K, used 96909K [0x0000000080000000, 0x0000000100000000)
  region size 1024K, 6 young (6144K), 5 survivors (5120K)
 Metaspace       used 73429K, committed 74112K, reserved 1114112K
  class space    used 10105K, committed 10432K, reserved 1048576K
}
Event: 12.134 GC heap after
{Heap after GC invocations=39 (full 0):
 garbage-first heap   total 227328K, used 94651K [0x0000000080000000, 0x0000000100000000)
  region size 1024K, 1 young (1024K), 1 survivors (1024K)
 Metaspace       used 73429K, committed 74112K, reserved 1114112K
  class space    used 10105K, committed 10432K, reserved 1048576K
}
Event: 12.957 GC heap before
{Heap before GC invocations=39 (full 0):
 garbage-first heap   total 227328K, used 160187K [0x0000000080000000, 0x0000000100000000)
  region size 1024K, 65 young (66560K), 1 survivors (1024K)
 Metaspace       used 79060K, committed 79680K, reserved 1179648K
  class space    used 10768K, committed 11072K, reserved 1048576K
}
Event: 12.959 GC heap after
{Heap after GC invocations=40 (full 0):
 garbage-first heap   total 227328K, used 96623K [0x0000000080000000, 0x0000000100000000)
  region size 1024K, 3 young (3072K), 3 survivors (3072K)
 Metaspace       used 79060K, committed 79680K, reserved 1179648K
  class space    used 10768K, committed 11072K, reserved 1048576K
}
Event: 13.925 GC heap before
{Heap before GC invocations=40 (full 0):
 garbage-first heap   total 227328K, used 180591K [0x0000000080000000, 0x0000000100000000)
  region size 1024K, 79 young (80896K), 3 survivors (3072K)
 Metaspace       used 84465K, committed 85184K, reserved 1179648K
  class space    used 11471K, committed 11840K, reserved 1048576K
}
Event: 13.930 GC heap after
{Heap after GC invocations=41 (full 0):
 garbage-first heap   total 227328K, used 102125K [0x0000000080000000, 0x0000000100000000)
  region size 1024K, 8 young (8192K), 8 survivors (8192K)
 Metaspace       used 84465K, committed 85184K, reserved 1179648K
  class space    used 11471K, committed 11840K, reserved 1048576K
}
Event: 14.985 GC heap before
{Heap before GC invocations=41 (full 0):
 garbage-first heap   total 227328K, used 178925K [0x0000000080000000, 0x0000000100000000)
  region size 1024K, 79 young (80896K), 8 survivors (8192K)
 Metaspace       used 88121K, committed 88832K, reserved 1179648K
  class space    used 11985K, committed 12352K, reserved 1048576K
}
Event: 14.993 GC heap after
{Heap after GC invocations=42 (full 0):
 garbage-first heap   total 227328K, used 113117K [0x0000000080000000, 0x0000000100000000)
  region size 1024K, 7 young (7168K), 7 survivors (7168K)
 Metaspace       used 88121K, committed 88832K, reserved 1179648K
  class space    used 11985K, committed 12352K, reserved 1048576K
}
Event: 15.197 GC heap before
{Heap before GC invocations=42 (full 0):
 garbage-first heap   total 227328K, used 142813K [0x0000000080000000, 0x0000000100000000)
  region size 1024K, 37 young (37888K), 7 survivors (7168K)
 Metaspace       used 88307K, committed 89024K, reserved 1179648K
  class space    used 12009K, committed 12352K, reserved 1048576K
}
Event: 15.202 GC heap after
{Heap after GC invocations=43 (full 0):
 garbage-first heap   total 227328K, used 114654K [0x0000000080000000, 0x0000000100000000)
  region size 1024K, 4 young (4096K), 4 survivors (4096K)
 Metaspace       used 88307K, committed 89024K, reserved 1179648K
  class space    used 12009K, committed 12352K, reserved 1048576K
}
Event: 16.024 GC heap before
{Heap before GC invocations=44 (full 0):
 garbage-first heap   total 227328K, used 185310K [0x0000000080000000, 0x0000000100000000)
  region size 1024K, 68 young (69632K), 4 survivors (4096K)
 Metaspace       used 92324K, committed 93056K, reserved 1179648K
  class space    used 12512K, committed 12864K, reserved 1048576K
}
Event: 16.030 GC heap after
{Heap after GC invocations=45 (full 0):
 garbage-first heap   total 227328K, used 117903K [0x0000000080000000, 0x0000000100000000)
  region size 1024K, 7 young (7168K), 7 survivors (7168K)
 Metaspace       used 92324K, committed 93056K, reserved 1179648K
  class space    used 12512K, committed 12864K, reserved 1048576K
}
Event: 16.069 GC heap before
{Heap before GC invocations=45 (full 0):
 garbage-first heap   total 227328K, used 120975K [0x0000000080000000, 0x0000000100000000)
  region size 1024K, 11 young (11264K), 7 survivors (7168K)
 Metaspace       used 92586K, committed 93312K, reserved 1179648K
  class space    used 12548K, committed 12928K, reserved 1048576K
}
Event: 16.074 GC heap after
{Heap after GC invocations=46 (full 0):
 garbage-first heap   total 227328K, used 117144K [0x0000000080000000, 0x0000000100000000)
  region size 1024K, 2 young (2048K), 2 survivors (2048K)
 Metaspace       used 92586K, committed 93312K, reserved 1179648K
  class space    used 12548K, committed 12928K, reserved 1048576K
}
Event: 17.294 GC heap before
{Heap before GC invocations=46 (full 0):
 garbage-first heap   total 227328K, used 183704K [0x0000000080000000, 0x0000000100000000)
  region size 1024K, 66 young (67584K), 2 survivors (2048K)
 Metaspace       used 96974K, committed 97664K, reserved 1179648K
  class space    used 13338K, committed 13696K, reserved 1048576K
}
Event: 17.297 GC heap after
{Heap after GC invocations=47 (full 0):
 garbage-first heap   total 227328K, used 118180K [0x0000000080000000, 0x0000000100000000)
  region size 1024K, 3 young (3072K), 3 survivors (3072K)
 Metaspace       used 96974K, committed 97664K, reserved 1179648K
  class space    used 13338K, committed 13696K, reserved 1048576K
}
Event: 18.499 GC heap before
{Heap before GC invocations=48 (full 0):
 garbage-first heap   total 227328K, used 185764K [0x0000000080000000, 0x0000000100000000)
  region size 1024K, 69 young (70656K), 3 survivors (3072K)
 Metaspace       used 100518K, committed 101184K, reserved 1179648K
  class space    used 13866K, committed 14208K, reserved 1048576K
}
Event: 18.503 GC heap after
{Heap after GC invocations=49 (full 0):
 garbage-first heap   total 227328K, used 120400K [0x0000000080000000, 0x0000000100000000)
  region size 1024K, 5 young (5120K), 5 survivors (5120K)
 Metaspace       used 100518K, committed 101184K, reserved 1179648K
  class space    used 13866K, committed 14208K, reserved 1048576K
}
Event: 18.593 GC heap before
{Heap before GC invocations=49 (full 0):
 garbage-first heap   total 227328K, used 125520K [0x0000000080000000, 0x0000000100000000)
  region size 1024K, 11 young (11264K), 5 survivors (5120K)
 Metaspace       used 100876K, committed 101568K, reserved 1179648K
  class space    used 13920K, committed 14272K, reserved 1048576K
}
Event: 18.597 GC heap after
{Heap after GC invocations=50 (full 0):
 garbage-first heap   total 227328K, used 119845K [0x0000000080000000, 0x0000000100000000)
  region size 1024K, 1 young (1024K), 1 survivors (1024K)
 Metaspace       used 100876K, committed 101568K, reserved 1179648K
  class space    used 13920K, committed 14272K, reserved 1048576K
}

