# JRE version: OpenJDK Runtime Environment (17.0.10) (build 17.0.10+0--11572160)
# Java VM: OpenJDK 64-Bit Server VM (17.0.10+0--11572160, mixed mode, tiered, compressed oops, compressed class ptrs, g1 gc, windows-amd64)
GC Precious Log:
 CPUs: 8 total, 8 available
 Memory: 15808M
 Large Page Support: Disabled
 NUMA Support: Disabled
 Compressed Oops: Enabled (Zero based)
 Heap Region Size: 2M
 Heap Min Capacity: 8M
 Heap Initial Capacity: 248M
 Heap Max Capacity: 3954M
 Pre-touch: Disabled
 Parallel Workers: 8
 Concurrent Workers: 2
 Concurrent Refinement Workers: 8
 Periodic GC: Disabled
Heap:
 garbage-first heap   total 102400K, used 75583K [0x0000000708e00000, 0x0000000800000000)
  region size 2048K, 12 young (24576K), 1 survivors (2048K)
 Metaspace       used 52806K, committed 53376K, reserved 1114112K
  class space    used 7031K, committed 7296K, reserved 1048576K
GC Heap History (20 events):
Event: 4.315 GC heap before
{Heap before GC invocations=12 (full 0):
 garbage-first heap   total 79872K, used 51877K [0x0000000708e00000, 0x0000000800000000)
  region size 2048K, 6 young (12288K), 1 survivors (2048K)
 Metaspace       used 34197K, committed 34560K, reserved 1114112K
  class space    used 4701K, committed 4864K, reserved 1048576K
}
Event: 4.317 GC heap after
{Heap after GC invocations=13 (full 0):
 garbage-first heap   total 79872K, used 42117K [0x0000000708e00000, 0x0000000800000000)
  region size 2048K, 1 young (2048K), 1 survivors (2048K)
 Metaspace       used 34197K, committed 34560K, reserved 1114112K
  class space    used 4701K, committed 4864K, reserved 1048576K
}
Event: 4.352 GC heap before
{Heap before GC invocations=13 (full 0):
 garbage-first heap   total 79872K, used 44165K [0x0000000708e00000, 0x0000000800000000)
  region size 2048K, 2 young (4096K), 1 survivors (2048K)
 Metaspace       used 34444K, committed 34816K, reserved 1114112K
  class space    used 4746K, committed 4928K, reserved 1048576K
}
Event: 4.354 GC heap after
{Heap after GC invocations=14 (full 0):
 garbage-first heap   total 79872K, used 41464K [0x0000000708e00000, 0x0000000800000000)
  region size 2048K, 1 young (2048K), 1 survivors (2048K)
 Metaspace       used 34444K, committed 34816K, reserved 1114112K
  class space    used 4746K, committed 4928K, reserved 1048576K
}
Event: 4.625 GC heap before
{Heap before GC invocations=14 (full 0):
 garbage-first heap   total 79872K, used 59896K [0x0000000708e00000, 0x0000000800000000)
  region size 2048K, 10 young (20480K), 1 survivors (2048K)
 Metaspace       used 37305K, committed 37696K, reserved 1114112K
  class space    used 5183K, committed 5376K, reserved 1048576K
}
Event: 4.628 GC heap after
{Heap after GC invocations=15 (full 0):
 garbage-first heap   total 79872K, used 42416K [0x0000000708e00000, 0x0000000800000000)
  region size 2048K, 1 young (2048K), 1 survivors (2048K)
 Metaspace       used 37305K, committed 37696K, reserved 1114112K
  class space    used 5183K, committed 5376K, reserved 1048576K
}
Event: 4.986 GC heap before
{Heap before GC invocations=16 (full 0):
 garbage-first heap   total 79872K, used 60848K [0x0000000708e00000, 0x0000000800000000)
  region size 2048K, 10 young (20480K), 1 survivors (2048K)
 Metaspace       used 41889K, committed 42240K, reserved 1114112K
  class space    used 5647K, committed 5824K, reserved 1048576K
}
Event: 4.990 GC heap after
{Heap after GC invocations=17 (full 0):
 garbage-first heap   total 79872K, used 44519K [0x0000000708e00000, 0x0000000800000000)
  region size 2048K, 2 young (4096K), 2 survivors (4096K)
 Metaspace       used 41889K, committed 42240K, reserved 1114112K
  class space    used 5647K, committed 5824K, reserved 1048576K
}
Event: 5.174 GC heap before
{Heap before GC invocations=17 (full 0):
 garbage-first heap   total 79872K, used 62951K [0x0000000708e00000, 0x0000000800000000)
  region size 2048K, 11 young (22528K), 2 survivors (4096K)
 Metaspace       used 42670K, committed 43136K, reserved 1114112K
  class space    used 5713K, committed 5952K, reserved 1048576K
}
Event: 5.180 GC heap after
{Heap after GC invocations=18 (full 0):
 garbage-first heap   total 102400K, used 47330K [0x0000000708e00000, 0x0000000800000000)
  region size 2048K, 2 young (4096K), 2 survivors (4096K)
 Metaspace       used 42670K, committed 43136K, reserved 1114112K
  class space    used 5713K, committed 5952K, reserved 1048576K
}
Event: 5.288 GC heap before
{Heap before GC invocations=19 (full 0):
 garbage-first heap   total 102400K, used 53474K [0x0000000708e00000, 0x0000000800000000)
  region size 2048K, 7 young (14336K), 2 survivors (4096K)
 Metaspace       used 43111K, committed 43520K, reserved 1114112K
  class space    used 5759K, committed 5952K, reserved 1048576K
}
Event: 5.290 GC heap after
{Heap after GC invocations=20 (full 0):
 garbage-first heap   total 102400K, used 48149K [0x0000000708e00000, 0x0000000800000000)
  region size 2048K, 2 young (4096K), 2 survivors (4096K)
 Metaspace       used 43111K, committed 43520K, reserved 1114112K
  class space    used 5759K, committed 5952K, reserved 1048576K
}
Event: 5.894 GC heap before
{Heap before GC invocations=21 (full 0):
 garbage-first heap   total 102400K, used 78869K [0x0000000708e00000, 0x0000000800000000)
  region size 2048K, 15 young (30720K), 2 survivors (4096K)
 Metaspace       used 47064K, committed 47552K, reserved 1114112K
  class space    used 6242K, committed 6464K, reserved 1048576K
}
Event: 5.897 GC heap after
{Heap after GC invocations=22 (full 0):
 garbage-first heap   total 102400K, used 48885K [0x0000000708e00000, 0x0000000800000000)
  region size 2048K, 1 young (2048K), 1 survivors (2048K)
 Metaspace       used 47064K, committed 47552K, reserved 1114112K
  class space    used 6242K, committed 6464K, reserved 1048576K
}
Event: 6.249 GC heap before
{Heap before GC invocations=22 (full 0):
 garbage-first heap   total 102400K, used 63221K [0x0000000708e00000, 0x0000000800000000)
  region size 2048K, 10 young (20480K), 1 survivors (2048K)
 Metaspace       used 48242K, committed 48704K, reserved 1114112K
  class space    used 6419K, committed 6656K, reserved 1048576K
}
Event: 6.254 GC heap after
{Heap after GC invocations=23 (full 0):
 garbage-first heap   total 102400K, used 51536K [0x0000000708e00000, 0x0000000800000000)
  region size 2048K, 2 young (4096K), 2 survivors (4096K)
 Metaspace       used 48242K, committed 48704K, reserved 1114112K
  class space    used 6419K, committed 6656K, reserved 1048576K
}
Event: 6.766 GC heap before
{Heap before GC invocations=24 (full 0):
 garbage-first heap   total 102400K, used 80208K [0x0000000708e00000, 0x0000000800000000)
  region size 2048K, 15 young (30720K), 2 survivors (4096K)
 Metaspace       used 50869K, committed 51392K, reserved 1114112K
  class space    used 6688K, committed 6912K, reserved 1048576K
}
Event: 6.770 GC heap after
{Heap after GC invocations=25 (full 0):
 garbage-first heap   total 102400K, used 57471K [0x0000000708e00000, 0x0000000800000000)
  region size 2048K, 1 young (2048K), 1 survivors (2048K)
 Metaspace       used 50869K, committed 51392K, reserved 1114112K
  class space    used 6688K, committed 6912K, reserved 1048576K
}
Event: 6.777 GC heap before
{Heap before GC invocations=25 (full 0):
 garbage-first heap   total 102400K, used 59519K [0x0000000708e00000, 0x0000000800000000)
  region size 2048K, 2 young (4096K), 1 survivors (2048K)
 Metaspace       used 50869K, committed 51392K, reserved 1114112K
  class space    used 6688K, committed 6912K, reserved 1048576K
}
Event: 6.780 GC heap after
{Heap after GC invocations=26 (full 0):
 garbage-first heap   total 102400K, used 57151K [0x0000000708e00000, 0x0000000800000000)
  region size 2048K, 1 young (2048K), 1 survivors (2048K)
 Metaspace       used 50869K, committed 51392K, reserved 1114112K
  class space    used 6688K, committed 6912K, reserved 1048576K
}

