# JRE version: OpenJDK Runtime Environment (17.0.10) (build 17.0.10+0--11572160)
# Java VM: OpenJDK 64-Bit Server VM (17.0.10+0--11572160, mixed mode, tiered, compressed oops, compressed class ptrs, g1 gc, windows-amd64)
GC Precious Log:
 CPUs: 8 total, 8 available
 Memory: 15808M
 Large Page Support: Disabled
 NUMA Support: Disabled
 Compressed Oops: Enabled (Zero based)
 Heap Region Size: 2M
 Heap Min Capacity: 8M
 Heap Initial Capacity: 248M
 Heap Max Capacity: 3954M
 Pre-touch: Disabled
 Parallel Workers: 8
 Concurrent Workers: 2
 Concurrent Refinement Workers: 8
 Periodic GC: Disabled
Heap:
 garbage-first heap   total 225280K, used 141787K [0x0000000708e00000, 0x0000000800000000)
  region size 2048K, 2 young (4096K), 2 survivors (4096K)
 Metaspace       used 95080K, committed 95936K, reserved 1179648K
  class space    used 12932K, committed 13312K, reserved 1048576K
GC Heap History (20 events):
Event: 13.034 GC heap after
{Heap after GC invocations=40 (full 0):
 garbage-first heap   total 167936K, used 99854K [0x0000000708e00000, 0x0000000800000000)
  region size 2048K, 3 young (6144K), 3 survivors (6144K)
 Metaspace       used 76123K, committed 76928K, reserved 1179648K
  class space    used 10442K, committed 10816K, reserved 1048576K
}
Event: 13.088 GC heap before
{Heap before GC invocations=40 (full 0):
 garbage-first heap   total 167936K, used 99854K [0x0000000708e00000, 0x0000000800000000)
  region size 2048K, 5 young (10240K), 3 survivors (6144K)
 Metaspace       used 76166K, committed 76992K, reserved 1179648K
  class space    used 10446K, committed 10816K, reserved 1048576K
}
Event: 13.093 GC heap after
{Heap after GC invocations=41 (full 0):
 garbage-first heap   total 167936K, used 102584K [0x0000000708e00000, 0x0000000800000000)
  region size 2048K, 2 young (4096K), 2 survivors (4096K)
 Metaspace       used 76166K, committed 76992K, reserved 1179648K
  class space    used 10446K, committed 10816K, reserved 1048576K
}
Event: 13.366 GC heap before
{Heap before GC invocations=42 (full 0):
 garbage-first heap   total 188416K, used 135352K [0x0000000708e00000, 0x0000000800000000)
  region size 2048K, 15 young (30720K), 2 survivors (4096K)
 Metaspace       used 77266K, committed 78144K, reserved 1179648K
  class space    used 10581K, committed 11008K, reserved 1048576K
}
Event: 13.369 GC heap after
{Heap after GC invocations=43 (full 0):
 garbage-first heap   total 188416K, used 119512K [0x0000000708e00000, 0x0000000800000000)
  region size 2048K, 2 young (4096K), 2 survivors (4096K)
 Metaspace       used 77266K, committed 78144K, reserved 1179648K
  class space    used 10581K, committed 11008K, reserved 1048576K
}
Event: 13.652 GC heap before
{Heap before GC invocations=43 (full 0):
 garbage-first heap   total 188416K, used 146136K [0x0000000708e00000, 0x0000000800000000)
  region size 2048K, 15 young (30720K), 2 survivors (4096K)
 Metaspace       used 79385K, committed 80192K, reserved 1179648K
  class space    used 10855K, committed 11264K, reserved 1048576K
}
Event: 13.654 GC heap after
{Heap after GC invocations=44 (full 0):
 garbage-first heap   total 188416K, used 120463K [0x0000000708e00000, 0x0000000800000000)
  region size 2048K, 1 young (2048K), 1 survivors (2048K)
 Metaspace       used 79385K, committed 80192K, reserved 1179648K
  class space    used 10855K, committed 11264K, reserved 1048576K
}
Event: 13.946 GC heap before
{Heap before GC invocations=45 (full 0):
 garbage-first heap   total 215040K, used 147087K [0x0000000708e00000, 0x0000000800000000)
  region size 2048K, 14 young (28672K), 1 survivors (2048K)
 Metaspace       used 81901K, committed 82752K, reserved 1179648K
  class space    used 11099K, committed 11520K, reserved 1048576K
}
Event: 13.948 GC heap after
{Heap after GC invocations=46 (full 0):
 garbage-first heap   total 215040K, used 120803K [0x0000000708e00000, 0x0000000800000000)
  region size 2048K, 1 young (2048K), 1 survivors (2048K)
 Metaspace       used 81901K, committed 82752K, reserved 1179648K
  class space    used 11099K, committed 11520K, reserved 1048576K
}
Event: 14.073 GC heap before
{Heap before GC invocations=46 (full 0):
 garbage-first heap   total 215040K, used 128995K [0x0000000708e00000, 0x0000000800000000)
  region size 2048K, 5 young (10240K), 1 survivors (2048K)
 Metaspace       used 82529K, committed 83392K, reserved 1179648K
  class space    used 11188K, committed 11584K, reserved 1048576K
}
Event: 14.075 GC heap after
{Heap after GC invocations=47 (full 0):
 garbage-first heap   total 215040K, used 120004K [0x0000000708e00000, 0x0000000800000000)
  region size 2048K, 1 young (2048K), 1 survivors (2048K)
 Metaspace       used 82529K, committed 83392K, reserved 1179648K
  class space    used 11188K, committed 11584K, reserved 1048576K
}
Event: 14.684 GC heap before
{Heap before GC invocations=47 (full 0):
 garbage-first heap   total 215040K, used 167108K [0x0000000708e00000, 0x0000000800000000)
  region size 2048K, 25 young (51200K), 1 survivors (2048K)
 Metaspace       used 85766K, committed 86592K, reserved 1179648K
  class space    used 11607K, committed 11968K, reserved 1048576K
}
Event: 14.688 GC heap after
{Heap after GC invocations=48 (full 0):
 garbage-first heap   total 215040K, used 124663K [0x0000000708e00000, 0x0000000800000000)
  region size 2048K, 3 young (6144K), 3 survivors (6144K)
 Metaspace       used 85766K, committed 86592K, reserved 1179648K
  class space    used 11607K, committed 11968K, reserved 1048576K
}
Event: 15.377 GC heap before
{Heap before GC invocations=49 (full 0):
 garbage-first heap   total 225280K, used 171767K [0x0000000708e00000, 0x0000000800000000)
  region size 2048K, 26 young (53248K), 3 survivors (6144K)
 Metaspace       used 88872K, committed 89728K, reserved 1179648K
  class space    used 12051K, committed 12416K, reserved 1048576K
}
Event: 15.382 GC heap after
{Heap after GC invocations=50 (full 0):
 garbage-first heap   total 225280K, used 126799K [0x0000000708e00000, 0x0000000800000000)
  region size 2048K, 2 young (4096K), 2 survivors (4096K)
 Metaspace       used 88872K, committed 89728K, reserved 1179648K
  class space    used 12051K, committed 12416K, reserved 1048576K
}
Event: 16.101 GC heap before
{Heap before GC invocations=50 (full 0):
 garbage-first heap   total 225280K, used 186191K [0x0000000708e00000, 0x0000000800000000)
  region size 2048K, 29 young (59392K), 2 survivors (4096K)
 Metaspace       used 92086K, committed 92928K, reserved 1179648K
  class space    used 12486K, committed 12864K, reserved 1048576K
}
Event: 16.106 GC heap after
{Heap after GC invocations=51 (full 0):
 garbage-first heap   total 225280K, used 134113K [0x0000000708e00000, 0x0000000800000000)
  region size 2048K, 3 young (6144K), 3 survivors (6144K)
 Metaspace       used 92086K, committed 92928K, reserved 1179648K
  class space    used 12486K, committed 12864K, reserved 1048576K
}
Event: 16.435 GC heap before
{Heap before GC invocations=51 (full 0):
 garbage-first heap   total 225280K, used 185313K [0x0000000708e00000, 0x0000000800000000)
  region size 2048K, 28 young (57344K), 3 survivors (6144K)
 Metaspace       used 92636K, committed 93504K, reserved 1179648K
  class space    used 12568K, committed 12992K, reserved 1048576K
}
Event: 16.441 GC heap after
{Heap after GC invocations=52 (full 0):
 garbage-first heap   total 225280K, used 138454K [0x0000000708e00000, 0x0000000800000000)
  region size 2048K, 4 young (8192K), 4 survivors (8192K)
 Metaspace       used 92636K, committed 93504K, reserved 1179648K
  class space    used 12568K, committed 12992K, reserved 1048576K
}
Event: 17.091 GC heap before
{Heap before GC invocations=52 (full 0):
 garbage-first heap   total 225280K, used 187606K [0x0000000708e00000, 0x0000000800000000)
  region size 2048K, 28 young (57344K), 4 survivors (8192K)
 Metaspace       used 95080K, committed 95936K, reserved 1179648K
  class space    used 12932K, committed 13312K, reserved 1048576K
}

