# JRE version: OpenJDK Runtime Environment (17.0.10) (build 17.0.10+0--11572160)
# Java VM: OpenJDK 64-Bit Server VM (17.0.10+0--11572160, mixed mode, tiered, compressed oops, compressed class ptrs, g1 gc, windows-amd64)
GC Precious Log:
 CPUs: 8 total, 8 available
 Memory: 15808M
 Large Page Support: Disabled
 NUMA Support: Disabled
 Compressed Oops: Enabled (32-bit)
 Heap Region Size: 1M
 Heap Min Capacity: 8M
 Heap Initial Capacity: 248M
 Heap Max Capacity: 2G
 Pre-touch: Disabled
 Parallel Workers: 8
 Concurrent Workers: 2
 Concurrent Refinement Workers: 8
 Periodic GC: Disabled
Heap:
 garbage-first heap   total 208896K, used 84323K [0x0000000080000000, 0x0000000100000000)
  region size 1024K, 3 young (3072K), 3 survivors (3072K)
 Metaspace       used 65116K, committed 65856K, reserved 1114112K
  class space    used 8948K, committed 9280K, reserved 1048576K
GC Heap History (20 events):
Event: 6.948 GC heap after
{Heap after GC invocations=15 (full 0):
 garbage-first heap   total 73728K, used 44061K [0x0000000080000000, 0x0000000100000000)
  region size 1024K, 3 young (3072K), 3 survivors (3072K)
 Metaspace       used 42707K, committed 43200K, reserved 1114112K
  class space    used 5709K, committed 5952K, reserved 1048576K
}
Event: 6.952 GC heap before
{Heap before GC invocations=15 (full 0):
 garbage-first heap   total 73728K, used 45085K [0x0000000080000000, 0x0000000100000000)
  region size 1024K, 4 young (4096K), 3 survivors (3072K)
 Metaspace       used 42707K, committed 43200K, reserved 1114112K
  class space    used 5709K, committed 5952K, reserved 1048576K
}
Event: 6.955 GC heap after
{Heap after GC invocations=16 (full 0):
 garbage-first heap   total 117760K, used 44712K [0x0000000080000000, 0x0000000100000000)
  region size 1024K, 1 young (1024K), 1 survivors (1024K)
 Metaspace       used 42707K, committed 43200K, reserved 1114112K
  class space    used 5709K, committed 5952K, reserved 1048576K
}
Event: 7.748 GC heap before
{Heap before GC invocations=16 (full 0):
 garbage-first heap   total 117760K, used 86696K [0x0000000080000000, 0x0000000100000000)
  region size 1024K, 37 young (37888K), 1 survivors (1024K)
 Metaspace       used 47207K, committed 47680K, reserved 1114112K
  class space    used 6251K, committed 6464K, reserved 1048576K
}
Event: 7.751 GC heap after
{Heap after GC invocations=17 (full 0):
 garbage-first heap   total 117760K, used 47445K [0x0000000080000000, 0x0000000100000000)
  region size 1024K, 4 young (4096K), 4 survivors (4096K)
 Metaspace       used 47207K, committed 47680K, reserved 1114112K
  class space    used 6251K, committed 6464K, reserved 1048576K
}
Event: 8.415 GC heap before
{Heap before GC invocations=17 (full 0):
 garbage-first heap   total 117760K, used 89429K [0x0000000080000000, 0x0000000100000000)
  region size 1024K, 40 young (40960K), 4 survivors (4096K)
 Metaspace       used 50782K, committed 51328K, reserved 1114112K
  class space    used 6665K, committed 6912K, reserved 1048576K
}
Event: 8.421 GC heap after
{Heap after GC invocations=18 (full 0):
 garbage-first heap   total 117760K, used 55077K [0x0000000080000000, 0x0000000100000000)
  region size 1024K, 5 young (5120K), 5 survivors (5120K)
 Metaspace       used 50782K, committed 51328K, reserved 1114112K
  class space    used 6665K, committed 6912K, reserved 1048576K
}
Event: 8.954 GC heap before
{Heap before GC invocations=18 (full 0):
 garbage-first heap   total 117760K, used 88869K [0x0000000080000000, 0x0000000100000000)
  region size 1024K, 38 young (38912K), 5 survivors (5120K)
 Metaspace       used 52864K, committed 53376K, reserved 1114112K
  class space    used 7029K, committed 7232K, reserved 1048576K
}
Event: 8.958 GC heap after
{Heap after GC invocations=19 (full 0):
 garbage-first heap   total 117760K, used 57398K [0x0000000080000000, 0x0000000100000000)
  region size 1024K, 3 young (3072K), 3 survivors (3072K)
 Metaspace       used 52864K, committed 53376K, reserved 1114112K
  class space    used 7029K, committed 7232K, reserved 1048576K
}
Event: 9.486 GC heap before
{Heap before GC invocations=19 (full 0):
 garbage-first heap   total 117760K, used 91190K [0x0000000080000000, 0x0000000100000000)
  region size 1024K, 36 young (36864K), 3 survivors (3072K)
 Metaspace       used 55548K, committed 56128K, reserved 1114112K
  class space    used 7423K, committed 7680K, reserved 1048576K
}
Event: 9.489 GC heap after
{Heap after GC invocations=20 (full 0):
 garbage-first heap   total 117760K, used 58722K [0x0000000080000000, 0x0000000100000000)
  region size 1024K, 4 young (4096K), 4 survivors (4096K)
 Metaspace       used 55548K, committed 56128K, reserved 1114112K
  class space    used 7423K, committed 7680K, reserved 1048576K
}
Event: 10.261 GC heap before
{Heap before GC invocations=20 (full 0):
 garbage-first heap   total 117760K, used 92514K [0x0000000080000000, 0x0000000100000000)
  region size 1024K, 37 young (37888K), 4 survivors (4096K)
 Metaspace       used 57870K, committed 58496K, reserved 1114112K
  class space    used 7823K, committed 8128K, reserved 1048576K
}
Event: 10.269 GC heap after
{Heap after GC invocations=21 (full 0):
 garbage-first heap   total 117760K, used 62618K [0x0000000080000000, 0x0000000100000000)
  region size 1024K, 5 young (5120K), 5 survivors (5120K)
 Metaspace       used 57870K, committed 58496K, reserved 1114112K
  class space    used 7823K, committed 8128K, reserved 1048576K
}
Event: 11.052 GC heap before
{Heap before GC invocations=21 (full 0):
 garbage-first heap   total 117760K, used 93338K [0x0000000080000000, 0x0000000100000000)
  region size 1024K, 35 young (35840K), 5 survivors (5120K)
 Metaspace       used 59441K, committed 60160K, reserved 1114112K
  class space    used 8075K, committed 8384K, reserved 1048576K
}
Event: 11.061 GC heap after
{Heap after GC invocations=22 (full 0):
 garbage-first heap   total 117760K, used 68608K [0x0000000080000000, 0x0000000100000000)
  region size 1024K, 5 young (5120K), 5 survivors (5120K)
 Metaspace       used 59441K, committed 60160K, reserved 1114112K
  class space    used 8075K, committed 8384K, reserved 1048576K
}
Event: 11.686 GC heap before
{Heap before GC invocations=22 (full 0):
 garbage-first heap   total 117760K, used 94208K [0x0000000080000000, 0x0000000100000000)
  region size 1024K, 30 young (30720K), 5 survivors (5120K)
 Metaspace       used 60738K, committed 61440K, reserved 1114112K
  class space    used 8270K, committed 8576K, reserved 1048576K
}
Event: 11.693 GC heap after
{Heap after GC invocations=23 (full 0):
 garbage-first heap   total 117760K, used 70900K [0x0000000080000000, 0x0000000100000000)
  region size 1024K, 3 young (3072K), 3 survivors (3072K)
 Metaspace       used 60738K, committed 61440K, reserved 1114112K
  class space    used 8270K, committed 8576K, reserved 1048576K
}
Event: 12.157 GC heap before
{Heap before GC invocations=23 (full 0):
 garbage-first heap   total 117760K, used 93428K [0x0000000080000000, 0x0000000100000000)
  region size 1024K, 26 young (26624K), 3 survivors (3072K)
 Metaspace       used 63251K, committed 63936K, reserved 1114112K
  class space    used 8653K, committed 8960K, reserved 1048576K
}
Event: 12.163 GC heap after
{Heap after GC invocations=24 (full 0):
 garbage-first heap   total 117760K, used 73290K [0x0000000080000000, 0x0000000100000000)
  region size 1024K, 4 young (4096K), 4 survivors (4096K)
 Metaspace       used 63251K, committed 63936K, reserved 1114112K
  class space    used 8653K, committed 8960K, reserved 1048576K
}
Event: 12.631 GC heap before
{Heap before GC invocations=24 (full 0):
 garbage-first heap   total 117760K, used 102986K [0x0000000080000000, 0x0000000100000000)
  region size 1024K, 26 young (26624K), 4 survivors (4096K)
 Metaspace       used 65116K, committed 65856K, reserved 1114112K
  class space    used 8948K, committed 9280K, reserved 1048576K
}

