# JRE version: Java(TM) SE Runtime Environment (17.0.6+9) (build 17.0.6+9-LTS-190)
# Java VM: Java HotSpot(TM) 64-Bit Server VM (17.0.6+9-LTS-190, mixed mode, sharing, tiered, compressed oops, compressed class ptrs, parallel gc, windows-amd64)
GC Precious Log:
 CPUs: 8 total, 8 available
 Memory: 15808M
 Large Page Support: Disabled
 NUMA Support: Disabled
 Compressed Oops: Enabled (Zero based)
 Alignments: Space 512K, Generation 512K, Heap 2M
 Heap Min Capacity: 8M
 Heap Initial Capacity: 248M
 Heap Max Capacity: 6G
 Pre-touch: Disabled
 Parallel Workers: 8
Heap:
 PSYoungGen      total 1602560K, used 760831K [0x0000000780000000, 0x00000007fba00000, 0x0000000800000000)
  eden space 1217536K, 57% used [0x0000000780000000,0x00000007aa7c4040,0x00000007ca500000)
  from space 385024K, 16% used [0x00000007e4200000,0x00000007e813bd00,0x00000007fba00000)
  to   space 403968K, 0% used [0x00000007ca500000,0x00000007ca500000,0x00000007e2f80000)
 ParOldGen       total 1346560K, used 1184380K [0x0000000680000000, 0x00000006d2300000, 0x0000000780000000)
  object space 1346560K, 87% used [0x0000000680000000,0x00000006c849f0a8,0x00000006d2300000)
 Metaspace       used 269996K, committed 272960K, reserved 1085440K
  class space    used 33313K, committed 34688K, reserved 839680K
GC Heap History (20 events):
Event: 224.246 GC heap before
{Heap before GC invocations=89 (full 10):
 PSYoungGen      total 1528832K, used 1528817K [0x0000000780000000, 0x0000000800000000, 0x0000000800000000)
  eden space 1128448K, 100% used [0x0000000780000000,0x00000007c4e00000,0x00000007c4e00000)
  from space 400384K, 99% used [0x00000007e7900000,0x00000007ffffc600,0x0000000800000000)
  to   space 484352K, 0% used [0x00000007c4e00000,0x00000007c4e00000,0x00000007e2700000)
 ParOldGen       total 1346560K, used 936200K [0x0000000680000000, 0x00000006d2300000, 0x0000000780000000)
  object space 1346560K, 69% used [0x0000000680000000,0x00000006b92422b8,0x00000006d2300000)
 Metaspace       used 256733K, committed 259520K, reserved 1069056K
  class space    used 31738K, committed 32960K, reserved 839680K
}
Event: 224.372 GC heap after
{Heap after GC invocations=89 (full 10):
 PSYoungGen      total 1594880K, used 466179K [0x0000000780000000, 0x0000000800000000, 0x0000000800000000)
  eden space 1128448K, 0% used [0x0000000780000000,0x0000000780000000,0x00000007c4e00000)
  from space 466432K, 99% used [0x00000007c4e00000,0x00000007e1540ec0,0x00000007e1580000)
  to   space 502272K, 0% used [0x00000007e1580000,0x00000007e1580000,0x0000000800000000)
 ParOldGen       total 1346560K, used 942371K [0x0000000680000000, 0x00000006d2300000, 0x0000000780000000)
  object space 1346560K, 69% used [0x0000000680000000,0x00000006b9848c30,0x00000006d2300000)
 Metaspace       used 256733K, committed 259520K, reserved 1069056K
  class space    used 31738K, committed 32960K, reserved 839680K
}
Event: 225.133 GC heap before
{Heap before GC invocations=90 (full 10):
 PSYoungGen      total 1594880K, used 1594627K [0x0000000780000000, 0x0000000800000000, 0x0000000800000000)
  eden space 1128448K, 100% used [0x0000000780000000,0x00000007c4e00000,0x00000007c4e00000)
  from space 466432K, 99% used [0x00000007c4e00000,0x00000007e1540ec0,0x00000007e1580000)
  to   space 502272K, 0% used [0x00000007e1580000,0x00000007e1580000,0x0000000800000000)
 ParOldGen       total 1346560K, used 942431K [0x0000000680000000, 0x00000006d2300000, 0x0000000780000000)
  object space 1346560K, 69% used [0x0000000680000000,0x00000006b9857d70,0x00000006d2300000)
 Metaspace       used 257177K, committed 259968K, reserved 1069056K
  class space    used 31772K, committed 33024K, reserved 839680K
}
Event: 225.253 GC heap after
{Heap after GC invocations=90 (full 10):
 PSYoungGen      total 1535488K, used 214632K [0x0000000780000000, 0x0000000800000000, 0x0000000800000000)
  eden space 1033216K, 0% used [0x0000000780000000,0x0000000780000000,0x00000007bf100000)
  from space 502272K, 42% used [0x00000007e1580000,0x00000007ee71a290,0x0000000800000000)
  to   space 531968K, 0% used [0x00000007bf100000,0x00000007bf100000,0x00000007df880000)
 ParOldGen       total 1346560K, used 1045479K [0x0000000680000000, 0x00000006d2300000, 0x0000000780000000)
  object space 1346560K, 77% used [0x0000000680000000,0x00000006bfcf9ea0,0x00000006d2300000)
 Metaspace       used 257177K, committed 259968K, reserved 1069056K
  class space    used 31772K, committed 33024K, reserved 839680K
}
Event: 226.433 GC heap before
{Heap before GC invocations=91 (full 10):
 PSYoungGen      total 1535488K, used 1247848K [0x0000000780000000, 0x0000000800000000, 0x0000000800000000)
  eden space 1033216K, 100% used [0x0000000780000000,0x00000007bf100000,0x00000007bf100000)
  from space 502272K, 42% used [0x00000007e1580000,0x00000007ee71a290,0x0000000800000000)
  to   space 531968K, 0% used [0x00000007bf100000,0x00000007bf100000,0x00000007df880000)
 ParOldGen       total 1346560K, used 1045479K [0x0000000680000000, 0x00000006d2300000, 0x0000000780000000)
  object space 1346560K, 77% used [0x0000000680000000,0x00000006bfcf9ea0,0x00000006d2300000)
 Metaspace       used 257913K, committed 260672K, reserved 1069056K
  class space    used 31869K, committed 33088K, reserved 839680K
}
Event: 226.517 GC heap after
{Heap after GC invocations=91 (full 10):
 PSYoungGen      total 1565184K, used 43540K [0x0000000780000000, 0x0000000800000000, 0x0000000800000000)
  eden space 1033216K, 0% used [0x0000000780000000,0x0000000780000000,0x00000007bf100000)
  from space 531968K, 8% used [0x00000007bf100000,0x00000007c1b851d8,0x00000007df880000)
  to   space 525824K, 0% used [0x00000007dfe80000,0x00000007dfe80000,0x0000000800000000)
 ParOldGen       total 1346560K, used 1142493K [0x0000000680000000, 0x00000006d2300000, 0x0000000780000000)
  object space 1346560K, 84% used [0x0000000680000000,0x00000006c5bb7560,0x00000006d2300000)
 Metaspace       used 257913K, committed 260672K, reserved 1069056K
  class space    used 31869K, committed 33088K, reserved 839680K
}
Event: 227.948 GC heap before
{Heap before GC invocations=92 (full 10):
 PSYoungGen      total 1565184K, used 1076756K [0x0000000780000000, 0x0000000800000000, 0x0000000800000000)
  eden space 1033216K, 100% used [0x0000000780000000,0x00000007bf100000,0x00000007bf100000)
  from space 531968K, 8% used [0x00000007bf100000,0x00000007c1b851d8,0x00000007df880000)
  to   space 525824K, 0% used [0x00000007dfe80000,0x00000007dfe80000,0x0000000800000000)
 ParOldGen       total 1346560K, used 1142493K [0x0000000680000000, 0x00000006d2300000, 0x0000000780000000)
  object space 1346560K, 84% used [0x0000000680000000,0x00000006c5bb7560,0x00000006d2300000)
 Metaspace       used 258209K, committed 260992K, reserved 1069056K
  class space    used 31888K, committed 33152K, reserved 839680K
}
Event: 227.986 GC heap after
{Heap after GC invocations=92 (full 10):
 PSYoungGen      total 1540608K, used 38279K [0x0000000780000000, 0x00000007fe800000, 0x0000000800000000)
  eden space 1039360K, 0% used [0x0000000780000000,0x0000000780000000,0x00000007bf700000)
  from space 501248K, 7% used [0x00000007dfe80000,0x00000007e23e1d80,0x00000007fe800000)
  to   space 516608K, 0% used [0x00000007bf700000,0x00000007bf700000,0x00000007def80000)
 ParOldGen       total 1346560K, used 1164256K [0x0000000680000000, 0x00000006d2300000, 0x0000000780000000)
  object space 1346560K, 86% used [0x0000000680000000,0x00000006c70f8128,0x00000006d2300000)
 Metaspace       used 258209K, committed 260992K, reserved 1069056K
  class space    used 31888K, committed 33152K, reserved 839680K
}
Event: 229.502 GC heap before
{Heap before GC invocations=93 (full 10):
 PSYoungGen      total 1540608K, used 1077639K [0x0000000780000000, 0x00000007fe800000, 0x0000000800000000)
  eden space 1039360K, 100% used [0x0000000780000000,0x00000007bf700000,0x00000007bf700000)
  from space 501248K, 7% used [0x00000007dfe80000,0x00000007e23e1d80,0x00000007fe800000)
  to   space 516608K, 0% used [0x00000007bf700000,0x00000007bf700000,0x00000007def80000)
 ParOldGen       total 1346560K, used 1164256K [0x0000000680000000, 0x00000006d2300000, 0x0000000780000000)
  object space 1346560K, 86% used [0x0000000680000000,0x00000006c70f8128,0x00000006d2300000)
 Metaspace       used 258321K, committed 261056K, reserved 1069056K
  class space    used 31894K, committed 33152K, reserved 839680K
}
Event: 229.520 GC heap after
{Heap after GC invocations=93 (full 10):
 PSYoungGen      total 1555968K, used 11750K [0x0000000780000000, 0x0000000800000000, 0x0000000800000000)
  eden space 1039360K, 0% used [0x0000000780000000,0x0000000780000000,0x00000007bf700000)
  from space 516608K, 2% used [0x00000007bf700000,0x00000007c0279970,0x00000007def80000)
  to   space 508928K, 0% used [0x00000007e0f00000,0x00000007e0f00000,0x0000000800000000)
 ParOldGen       total 1346560K, used 1177688K [0x0000000680000000, 0x00000006d2300000, 0x0000000780000000)
  object space 1346560K, 87% used [0x0000000680000000,0x00000006c7e162d0,0x00000006d2300000)
 Metaspace       used 258321K, committed 261056K, reserved 1069056K
  class space    used 31894K, committed 33152K, reserved 839680K
}
Event: 231.807 GC heap before
{Heap before GC invocations=94 (full 10):
 PSYoungGen      total 1555968K, used 1051110K [0x0000000780000000, 0x0000000800000000, 0x0000000800000000)
  eden space 1039360K, 100% used [0x0000000780000000,0x00000007bf700000,0x00000007bf700000)
  from space 516608K, 2% used [0x00000007bf700000,0x00000007c0279970,0x00000007def80000)
  to   space 508928K, 0% used [0x00000007e0f00000,0x00000007e0f00000,0x0000000800000000)
 ParOldGen       total 1346560K, used 1177688K [0x0000000680000000, 0x00000006d2300000, 0x0000000780000000)
  object space 1346560K, 87% used [0x0000000680000000,0x00000006c7e162d0,0x00000006d2300000)
 Metaspace       used 262072K, committed 264832K, reserved 1077248K
  class space    used 32245K, committed 33472K, reserved 839680K
}
Event: 231.834 GC heap after
{Heap after GC invocations=94 (full 10):
 PSYoungGen      total 1547264K, used 20422K [0x0000000780000000, 0x00000007fdf80000, 0x0000000800000000)
  eden space 1071616K, 0% used [0x0000000780000000,0x0000000780000000,0x00000007c1680000)
  from space 475648K, 4% used [0x00000007e0f00000,0x00000007e22f1ac0,0x00000007fdf80000)
  to   space 496128K, 0% used [0x00000007c1680000,0x00000007c1680000,0x00000007dfb00000)
 ParOldGen       total 1346560K, used 1184356K [0x0000000680000000, 0x00000006d2300000, 0x0000000780000000)
  object space 1346560K, 87% used [0x0000000680000000,0x00000006c8499090,0x00000006d2300000)
 Metaspace       used 262072K, committed 264832K, reserved 1077248K
  class space    used 32245K, committed 33472K, reserved 839680K
}
Event: 237.090 GC heap before
{Heap before GC invocations=95 (full 10):
 PSYoungGen      total 1547264K, used 1092038K [0x0000000780000000, 0x00000007fdf80000, 0x0000000800000000)
  eden space 1071616K, 100% used [0x0000000780000000,0x00000007c1680000,0x00000007c1680000)
  from space 475648K, 4% used [0x00000007e0f00000,0x00000007e22f1ac0,0x00000007fdf80000)
  to   space 496128K, 0% used [0x00000007c1680000,0x00000007c1680000,0x00000007dfb00000)
 ParOldGen       total 1346560K, used 1184356K [0x0000000680000000, 0x00000006d2300000, 0x0000000780000000)
  object space 1346560K, 87% used [0x0000000680000000,0x00000006c8499090,0x00000006d2300000)
 Metaspace       used 269598K, committed 272512K, reserved 1085440K
  class space    used 33288K, committed 34624K, reserved 839680K
}
Event: 237.137 GC heap after
{Heap after GC invocations=95 (full 10):
 PSYoungGen      total 1567744K, used 58317K [0x0000000780000000, 0x00000007fea00000, 0x0000000800000000)
  eden space 1071616K, 0% used [0x0000000780000000,0x0000000780000000,0x00000007c1680000)
  from space 496128K, 11% used [0x00000007c1680000,0x00000007c4f73790,0x00000007dfb00000)
  to   space 474624K, 0% used [0x00000007e1a80000,0x00000007e1a80000,0x00000007fea00000)
 ParOldGen       total 1346560K, used 1184364K [0x0000000680000000, 0x00000006d2300000, 0x0000000780000000)
  object space 1346560K, 87% used [0x0000000680000000,0x00000006c849b090,0x00000006d2300000)
 Metaspace       used 269598K, committed 272512K, reserved 1085440K
  class space    used 33288K, committed 34624K, reserved 839680K
}
Event: 239.330 GC heap before
{Heap before GC invocations=96 (full 10):
 PSYoungGen      total 1567744K, used 1129933K [0x0000000780000000, 0x00000007fea00000, 0x0000000800000000)
  eden space 1071616K, 100% used [0x0000000780000000,0x00000007c1680000,0x00000007c1680000)
  from space 496128K, 11% used [0x00000007c1680000,0x00000007c4f73790,0x00000007dfb00000)
  to   space 474624K, 0% used [0x00000007e1a80000,0x00000007e1a80000,0x00000007fea00000)
 ParOldGen       total 1346560K, used 1184364K [0x0000000680000000, 0x00000006d2300000, 0x0000000780000000)
  object space 1346560K, 87% used [0x0000000680000000,0x00000006c849b090,0x00000006d2300000)
 Metaspace       used 269770K, committed 272704K, reserved 1085440K
  class space    used 33294K, committed 34624K, reserved 839680K
}
Event: 239.379 GC heap after
{Heap after GC invocations=96 (full 10):
 PSYoungGen      total 1554944K, used 68497K [0x0000000780000000, 0x00000007fbd00000, 0x0000000800000000)
  eden space 1126400K, 0% used [0x0000000780000000,0x0000000780000000,0x00000007c4c00000)
  from space 428544K, 15% used [0x00000007e1a80000,0x00000007e5d64478,0x00000007fbd00000)
  to   space 451072K, 0% used [0x00000007c4c00000,0x00000007c4c00000,0x00000007e0480000)
 ParOldGen       total 1346560K, used 1184372K [0x0000000680000000, 0x00000006d2300000, 0x0000000780000000)
  object space 1346560K, 87% used [0x0000000680000000,0x00000006c849d090,0x00000006d2300000)
 Metaspace       used 269770K, committed 272704K, reserved 1085440K
  class space    used 33294K, committed 34624K, reserved 839680K
}
Event: 240.604 GC heap before
{Heap before GC invocations=97 (full 10):
 PSYoungGen      total 1554944K, used 1194897K [0x0000000780000000, 0x00000007fbd00000, 0x0000000800000000)
  eden space 1126400K, 100% used [0x0000000780000000,0x00000007c4c00000,0x00000007c4c00000)
  from space 428544K, 15% used [0x00000007e1a80000,0x00000007e5d64478,0x00000007fbd00000)
  to   space 451072K, 0% used [0x00000007c4c00000,0x00000007c4c00000,0x00000007e0480000)
 ParOldGen       total 1346560K, used 1184372K [0x0000000680000000, 0x00000006d2300000, 0x0000000780000000)
  object space 1346560K, 87% used [0x0000000680000000,0x00000006c849d090,0x00000006d2300000)
 Metaspace       used 269977K, committed 272832K, reserved 1085440K
  class space    used 33310K, committed 34624K, reserved 839680K
}
Event: 240.655 GC heap after
{Heap after GC invocations=97 (full 10):
 PSYoungGen      total 1577472K, used 137067K [0x0000000780000000, 0x00000007fdf00000, 0x0000000800000000)
  eden space 1126400K, 0% used [0x0000000780000000,0x0000000780000000,0x00000007c4c00000)
  from space 451072K, 30% used [0x00000007c4c00000,0x00000007cd1dacc8,0x00000007e0480000)
  to   space 422912K, 0% used [0x00000007e4200000,0x00000007e4200000,0x00000007fdf00000)
 ParOldGen       total 1346560K, used 1184380K [0x0000000680000000, 0x00000006d2300000, 0x0000000780000000)
  object space 1346560K, 87% used [0x0000000680000000,0x00000006c849f090,0x00000006d2300000)
 Metaspace       used 269977K, committed 272832K, reserved 1085440K
  class space    used 33310K, committed 34624K, reserved 839680K
}
Event: 241.870 GC heap before
{Heap before GC invocations=98 (full 10):
 PSYoungGen      total 1577472K, used 1263467K [0x0000000780000000, 0x00000007fdf00000, 0x0000000800000000)
  eden space 1126400K, 100% used [0x0000000780000000,0x00000007c4c00000,0x00000007c4c00000)
  from space 451072K, 30% used [0x00000007c4c00000,0x00000007cd1dacc8,0x00000007e0480000)
  to   space 422912K, 0% used [0x00000007e4200000,0x00000007e4200000,0x00000007fdf00000)
 ParOldGen       total 1346560K, used 1184380K [0x0000000680000000, 0x00000006d2300000, 0x0000000780000000)
  object space 1346560K, 87% used [0x0000000680000000,0x00000006c849f0a8,0x00000006d2300000)
 Metaspace       used 269994K, committed 272960K, reserved 1085440K
  class space    used 33313K, committed 34688K, reserved 839680K
}
Event: 241.908 GC heap after
{Heap after GC invocations=98 (full 10):
 PSYoungGen      total 1602560K, used 64751K [0x0000000780000000, 0x00000007fba00000, 0x0000000800000000)
  eden space 1217536K, 0% used [0x0000000780000000,0x0000000780000000,0x00000007ca500000)
  from space 385024K, 16% used [0x00000007e4200000,0x00000007e813bd00,0x00000007fba00000)
  to   space 403968K, 0% used [0x00000007ca500000,0x00000007ca500000,0x00000007e2f80000)
 ParOldGen       total 1346560K, used 1184380K [0x0000000680000000, 0x00000006d2300000, 0x0000000780000000)
  object space 1346560K, 87% used [0x0000000680000000,0x00000006c849f0a8,0x00000006d2300000)
 Metaspace       used 269994K, committed 272960K, reserved 1085440K
  class space    used 33313K, committed 34688K, reserved 839680K
}

